<?xml version="1.0" encoding="UTF-8"?>
<!-- Generated by org.testng.reporters.JUnitReportReporter -->
<testsuite hostname="Merin" failures="0" tests="3" name="seleniumbasic.TestNgbasic" time="0.015" errors="0" timestamp="2021-05-12T10:54:52 IST" skipped="0">
  <testcase classname="seleniumbasic.TestNgbasic" name="verifyTitle" time="0.009"/>
  <system-out/>
  <testcase classname="seleniumbasic.TestNgbasic" name="verifyLogin" time="0.003"/>
  <system-out/>
  <testcase classname="seleniumbasic.TestNgbasic" name="verifyDropdown" time="0.003"/>
  <system-out/>
</testsuite> <!-- seleniumbasic.TestNgbasic -->
