<?xml version="1.0" encoding="UTF-8"?>
<!-- Generated by org.testng.reporters.JUnitReportReporter -->
<testsuite hostname="Merin" failures="0" tests="1" name="Selenium" time="11.666" errors="0" timestamp="2021-04-23T08:23:55 IST" skipped="0">
  <testcase classname="Selenium" name="verifyLogin" time="11.666"/>
  <system-out/>
</testsuite> <!-- Selenium -->
