<?xml version="1.0" encoding="UTF-8"?>
<!-- Generated by org.testng.reporters.JUnitReportReporter -->
<testsuite hostname="Merin" failures="0" tests="33" name="seleniumbasic.Selenium" time="34.276" errors="0" timestamp="2021-06-01T11:13:42 IST" skipped="32">
  <testcase classname="seleniumbasic.Selenium" name="loginTest" time="34.276"/>
  <system-out/>
  <testcase classname="seleniumbasic.Selenium" name="handlingDropdown">
    <skipped/>
  </testcase> <!-- handlingDropdown -->
  <system-out/>
  <testcase classname="seleniumbasic.Selenium" name="newWindow">
    <skipped/>
  </testcase> <!-- newWindow -->
  <system-out/>
  <testcase classname="seleniumbasic.Selenium" name="alertHw3">
    <skipped/>
  </testcase> <!-- alertHw3 -->
  <system-out/>
  <testcase classname="seleniumbasic.Selenium" name="handlingAlert">
    <skipped/>
  </testcase> <!-- handlingAlert -->
  <system-out/>
  <testcase classname="seleniumbasic.Selenium" name="fileUpload">
    <skipped/>
  </testcase> <!-- fileUpload -->
  <system-out/>
  <testcase classname="seleniumbasic.Selenium" name="alertHw1">
    <skipped/>
  </testcase> <!-- alertHw1 -->
  <system-out/>
  <testcase classname="seleniumbasic.Selenium" name="dragAndDrop">
    <skipped/>
  </testcase> <!-- dragAndDrop -->
  <system-out/>
  <testcase classname="seleniumbasic.Selenium" name="howManyDropdown">
    <skipped/>
  </testcase> <!-- howManyDropdown -->
  <system-out/>
  <testcase classname="seleniumbasic.Selenium" name="alertHw2">
    <skipped/>
  </testcase> <!-- alertHw2 -->
  <system-out/>
  <testcase classname="seleniumbasic.Selenium" name="dropdownhw">
    <skipped/>
  </testcase> <!-- dropdownhw -->
  <system-out/>
  <testcase classname="seleniumbasic.Selenium" name="handleTablerow5Hw">
    <skipped/>
  </testcase> <!-- handleTablerow5Hw -->
  <system-out/>
  <testcase classname="seleniumbasic.Selenium" name="navigationCommands">
    <skipped/>
  </testcase> <!-- navigationCommands -->
  <system-out/>
  <testcase classname="seleniumbasic.Selenium" name="doubleclick">
    <skipped/>
  </testcase> <!-- doubleclick -->
  <system-out/>
  <testcase classname="seleniumbasic.Selenium" name="newWMessage">
    <skipped/>
  </testcase> <!-- newWMessage -->
  <system-out/>
  <testcase classname="seleniumbasic.Selenium" name="handlingFrames">
    <skipped/>
  </testcase> <!-- handlingFrames -->
  <system-out/>
  <testcase classname="seleniumbasic.Selenium" name="handleTableRowHw">
    <skipped/>
  </testcase> <!-- handleTableRowHw -->
  <system-out/>
  <testcase classname="seleniumbasic.Selenium" name="verifyPageTitle">
    <skipped/>
  </testcase> <!-- verifyPageTitle -->
  <system-out/>
  <testcase classname="seleniumbasic.Selenium" name="windowHandles">
    <skipped/>
  </testcase> <!-- windowHandles -->
  <system-out/>
  <testcase classname="seleniumbasic.Selenium" name="verifyLogin">
    <skipped/>
  </testcase> <!-- verifyLogin -->
  <system-out/>
  <testcase classname="seleniumbasic.Selenium" name="tableHW">
    <skipped/>
  </testcase> <!-- tableHW -->
  <system-out/>
  <testcase classname="seleniumbasic.Selenium" name="newTab">
    <skipped/>
  </testcase> <!-- newTab -->
  <system-out/>
  <testcase classname="seleniumbasic.Selenium" name="mouseOver">
    <skipped/>
  </testcase> <!-- mouseOver -->
  <system-out/>
  <testcase classname="seleniumbasic.Selenium" name="scrollingToView">
    <skipped/>
  </testcase> <!-- scrollingToView -->
  <system-out/>
  <testcase classname="seleniumbasic.Selenium" name="formHw">
    <skipped/>
  </testcase> <!-- formHw -->
  <system-out/>
  <testcase classname="seleniumbasic.Selenium" name="verifyTableHeader">
    <skipped/>
  </testcase> <!-- verifyTableHeader -->
  <system-out/>
  <testcase classname="seleniumbasic.Selenium" name="dragAndDropByOffset">
    <skipped/>
  </testcase> <!-- dragAndDropByOffset -->
  <system-out/>
  <testcase classname="seleniumbasic.Selenium" name="rightClick">
    <skipped/>
  </testcase> <!-- rightClick -->
  <system-out/>
  <testcase classname="seleniumbasic.Selenium" name="mouseOverHw">
    <skipped/>
  </testcase> <!-- mouseOverHw -->
  <system-out/>
  <testcase classname="seleniumbasic.Selenium" name="javascriptExecutor">
    <skipped/>
  </testcase> <!-- javascriptExecutor -->
  <system-out/>
  <testcase classname="seleniumbasic.Selenium" name="Robotclass">
    <skipped/>
  </testcase> <!-- Robotclass -->
  <system-out/>
  <testcase classname="seleniumbasic.Selenium" name="softAssert">
    <skipped/>
  </testcase> <!-- softAssert -->
  <system-out/>
  <testcase classname="seleniumbasic.Selenium" name="verifyrRegisterButtonEnableOrNot">
    <skipped/>
  </testcase> <!-- verifyrRegisterButtonEnableOrNot -->
  <system-out/>
</testsuite> <!-- seleniumbasic.Selenium -->
